<?xml version="1.0" encoding="UTF-8"?>
<robot generator="Robot 7.2.2 (Python 3.13.2 on win32)" generated="2025-03-17T00:35:54.997697" rpa="false" schemaversion="5">
<suite id="s1" name="Function" source="F:\Test project\Selenium Functional\function.robot">
<test id="s1-t1" name="Validate Cards display in the shopping page" line="20">
<kw name="open the browser with the Mortagage payment url" owner="resource" type="SETUP">
<kw name="Create Webdriver" owner="SeleniumLibrary">
<msg time="2025-03-17T00:35:55.267237" level="INFO">Creating an instance of the Chrome WebDriver.</msg>
<arg>Chrome</arg>
<doc>Creates an instance of Selenium WebDriver.</doc>
<status status="PASS" start="2025-03-17T00:35:55.267100" elapsed="1.383486"/>
</kw>
<kw name="Go To" owner="SeleniumLibrary">
<msg time="2025-03-17T00:35:56.651142" level="INFO">Opening url 'https://rahulshettyacademy.com/loginpagePractise/'</msg>
<arg>${Url}</arg>
<doc>Navigates the current browser window to the provided ``url``.</doc>
<status status="PASS" start="2025-03-17T00:35:56.650887" elapsed="0.620110"/>
</kw>
<kw name="Maximize Browser Window" owner="SeleniumLibrary">
<doc>Maximizes current browser window.</doc>
<status status="PASS" start="2025-03-17T00:35:57.271241" elapsed="0.028702"/>
</kw>
<status status="PASS" start="2025-03-17T00:35:55.266437" elapsed="2.033809"/>
</kw>
<kw name="Fill the login details and login form">
<kw name="Input Text" owner="SeleniumLibrary">
<msg time="2025-03-17T00:35:57.302593" level="INFO">Typing text 'rahulshettyacademy' into text field 'id:username'.</msg>
<arg>id:username</arg>
<arg>rahulshettyacademy</arg>
<doc>Types the given ``text`` into the text field identified by ``locator``.</doc>
<status status="PASS" start="2025-03-17T00:35:57.301444" elapsed="0.143893"/>
</kw>
<kw name="Input Password" owner="SeleniumLibrary">
<msg time="2025-03-17T00:35:57.445715" level="INFO">Typing password into text field 'id:password'.</msg>
<msg time="2025-03-17T00:35:57.475287" level="INFO">Temporally setting log level to: NONE</msg>
<arg>id:password</arg>
<arg>learning</arg>
<doc>Types the given password into the text field identified by ``locator``.</doc>
<status status="PASS" start="2025-03-17T00:35:57.445537" elapsed="0.067435"/>
</kw>
<kw name="Click Element" owner="SeleniumLibrary">
<msg time="2025-03-17T00:35:57.513301" level="INFO">Clicking element 'css:input[value='user']'.</msg>
<arg>css:input[value='user']</arg>
<doc>Click the element identified by ``locator``.</doc>
<status status="PASS" start="2025-03-17T00:35:57.513134" elapsed="0.060943"/>
</kw>
<kw name="Wait Until Element Is Visible" owner="SeleniumLibrary">
<arg>css:.modal-footer</arg>
<arg>timeout= 10s</arg>
<doc>Waits until the element ``locator`` is visible.</doc>
<status status="PASS" start="2025-03-17T00:35:57.574295" elapsed="0.242745"/>
</kw>
<kw name="Click Button" owner="SeleniumLibrary">
<msg time="2025-03-17T00:35:57.817624" level="INFO">Clicking button 'id:okayBtn'.</msg>
<arg>id:okayBtn</arg>
<doc>Clicks the button identified by ``locator``.</doc>
<status status="PASS" start="2025-03-17T00:35:57.817345" elapsed="0.061476"/>
</kw>
<kw name="Wait Until Element Is Not Visible" owner="SeleniumLibrary">
<arg>css:.modal-footer</arg>
<doc>Waits until the element ``locator`` is not visible.</doc>
<status status="PASS" start="2025-03-17T00:35:57.878982" elapsed="0.225953"/>
</kw>
<kw name="Select From List By Value" owner="SeleniumLibrary">
<msg time="2025-03-17T00:35:58.105435" level="INFO">Selecting options from selection list 'css:Select.form-control' by value teach.</msg>
<arg>css:Select.form-control</arg>
<arg>teach</arg>
<doc>Selects options from selection list ``locator`` by ``values``.</doc>
<status status="PASS" start="2025-03-17T00:35:58.105192" elapsed="0.070991"/>
</kw>
<status status="PASS" start="2025-03-17T00:35:57.300880" elapsed="0.875415"/>
</kw>
<kw name="Close Browser" owner="SeleniumLibrary" type="TEARDOWN">
<doc>Closes the current browser.</doc>
<status status="PASS" start="2025-03-17T00:35:58.176734" elapsed="2.204537"/>
</kw>
<status status="PASS" start="2025-03-17T00:35:55.265734" elapsed="5.116202"/>
</test>
<doc>To validate the Login form</doc>
<status status="PASS" start="2025-03-17T00:35:54.998973" elapsed="5.385945"/>
</suite>
<statistics>
<total>
<stat pass="1" fail="0" skip="0">All Tests</stat>
</total>
<tag>
</tag>
<suite>
<stat name="Function" id="s1" pass="1" fail="0" skip="0">Function</stat>
</suite>
</statistics>
<errors>
</errors>
</robot>
