<?xml version="1.0" encoding="UTF-8"?>
<robot generator="Robot 7.2.2 (Python 3.13.2 on win32)" generated="2025-03-09T14:26:36.855244" rpa="false" schemaversion="5">
<suite id="s1" name="Function" source="F:\Test project\Selenium Functional\function.robot">
<test id="s1-t1" name="Validate Cards display in the shopping page" line="19">
<kw name="open the browser with the Mortagage payment url" owner="resource" type="SETUP">
<kw name="Create Webdriver" owner="SeleniumLibrary">
<msg time="2025-03-09T14:26:37.231685" level="INFO">Creating an instance of the Chrome WebDriver.</msg>
<arg>Chrome</arg>
<doc>Creates an instance of Selenium WebDriver.</doc>
<status status="PASS" start="2025-03-09T14:26:37.231546" elapsed="1.505966"/>
</kw>
<kw name="Go To" owner="SeleniumLibrary">
<msg time="2025-03-09T14:26:38.737909" level="INFO">Opening url 'https://rahulshettyacademy.com/loginpagePractise/'</msg>
<arg>${Url}</arg>
<doc>Navigates the current browser window to the provided ``url``.</doc>
<status status="PASS" start="2025-03-09T14:26:38.737721" elapsed="2.412231"/>
</kw>
<kw name="Maximize Browser Window" owner="SeleniumLibrary">
<doc>Maximizes current browser window.</doc>
<status status="PASS" start="2025-03-09T14:26:41.150299" elapsed="0.034257"/>
</kw>
<status status="PASS" start="2025-03-09T14:26:37.230928" elapsed="3.953801"/>
</kw>
<kw name="Fill the Loging form">
<kw name="Input Text" owner="SeleniumLibrary">
<msg time="2025-03-09T14:26:41.185949" level="INFO">Typing text 'rahulshettyacademy' into text field 'id:username'.</msg>
<arg>id:username</arg>
<arg>${userId}</arg>
<doc>Types the given ``text`` into the text field identified by ``locator``.</doc>
<status status="PASS" start="2025-03-09T14:26:41.185589" elapsed="0.155175"/>
</kw>
<kw name="Input Password" owner="SeleniumLibrary">
<msg time="2025-03-09T14:26:41.341400" level="INFO">Typing password into text field 'id:password'.</msg>
<msg time="2025-03-09T14:26:41.382058" level="INFO">Temporally setting log level to: NONE</msg>
<arg>id:password</arg>
<arg>${password}</arg>
<doc>Types the given password into the text field identified by ``locator``.</doc>
<status status="PASS" start="2025-03-09T14:26:41.341046" elapsed="0.106816"/>
</kw>
<kw name="Click Button" owner="SeleniumLibrary">
<msg time="2025-03-09T14:26:41.448221" level="INFO">Clicking button 'signInBtn'.</msg>
<arg>signInBtn</arg>
<doc>Clicks the button identified by ``locator``.</doc>
<status status="PASS" start="2025-03-09T14:26:41.448043" elapsed="0.065268"/>
</kw>
<arg>${User_Valid_id}</arg>
<arg>${User_valid_pass}</arg>
<status status="PASS" start="2025-03-09T14:26:41.185206" elapsed="0.328262"/>
</kw>
<kw name="wait until Element is located in the page">
<kw name="Wait Until Element Is Visible" owner="SeleniumLibrary">
<arg>${element}</arg>
<doc>Waits until the element ``locator`` is visible.</doc>
<status status="PASS" start="2025-03-09T14:26:41.514038" elapsed="3.796278"/>
</kw>
<arg>${Page}</arg>
<status status="PASS" start="2025-03-09T14:26:41.513767" elapsed="3.796751"/>
</kw>
<kw name="Verify card title in the shop page">
<kw name="Create List" owner="BuiltIn">
<msg time="2025-03-09T14:26:45.311541" level="INFO">@{listelements} = [ iphone X | Samsung Note 8 | Nokia Edge | Blackberry ]</msg>
<var>@{listelements}</var>
<arg>iphone X</arg>
<arg>Samsung Note 8</arg>
<arg>Nokia Edge</arg>
<arg>Blackberry</arg>
<doc>Returns a list containing given items.</doc>
<status status="PASS" start="2025-03-09T14:26:45.311355" elapsed="0.000216"/>
</kw>
<kw name="Get WebElements" owner="SeleniumLibrary">
<msg time="2025-03-09T14:26:45.321079" level="INFO">@{LIST} = [ &lt;selenium.webdriver.remote.webelement.WebElement (session="642cb5626fdaf6b7bfe9bbec779629e5", element="f.AFCF56828FFB308FD63ADB4206468439.d.F2CB7A8F6D377FD004095A154F9EF66E.e.67")&gt; | &lt;selenium.webdr...</msg>
<var>@{LIST}</var>
<arg>css:.card-title</arg>
<doc>Returns a list of WebElement objects matching the ``locator``.</doc>
<status status="PASS" start="2025-03-09T14:26:45.311684" elapsed="0.009467"/>
</kw>
<kw name="Create List" owner="BuiltIn">
<msg time="2025-03-09T14:26:45.321610" level="INFO">@{actuallist} = [ ]</msg>
<var>@{actuallist}</var>
<doc>Returns a list containing given items.</doc>
<status status="PASS" start="2025-03-09T14:26:45.321400" elapsed="0.000258"/>
</kw>
<for flavor="IN">
<iter>
<kw name="Log" owner="BuiltIn">
<msg time="2025-03-09T14:26:45.342902" level="INFO">iphone X</msg>
<arg>${element.text}</arg>
<doc>Logs the given message with the given level.</doc>
<status status="PASS" start="2025-03-09T14:26:45.322243" elapsed="0.020828"/>
</kw>
<kw name="Append To List" owner="Collections">
<arg>${actuallist}</arg>
<arg>${element.text}</arg>
<doc>Adds ``values`` to the end of ``list``.</doc>
<status status="PASS" start="2025-03-09T14:26:45.343530" elapsed="0.010381"/>
</kw>
<var name="${element}">&lt;selenium.webdriver.remote.webelement.WebElement (session="642cb5626fdaf6b7bfe9bbec779629e5", element="f.AFCF56828FFB308FD63ADB4206468439.d.F2CB7A8F6D377FD004095A154F9EF66E.e.67")&gt;</var>
<status status="PASS" start="2025-03-09T14:26:45.322075" elapsed="0.031931"/>
</iter>
<iter>
<kw name="Log" owner="BuiltIn">
<msg time="2025-03-09T14:26:45.363259" level="INFO">Samsung Note 8</msg>
<arg>${element.text}</arg>
<doc>Logs the given message with the given level.</doc>
<status status="PASS" start="2025-03-09T14:26:45.354282" elapsed="0.009060"/>
</kw>
<kw name="Append To List" owner="Collections">
<arg>${actuallist}</arg>
<arg>${element.text}</arg>
<doc>Adds ``values`` to the end of ``list``.</doc>
<status status="PASS" start="2025-03-09T14:26:45.363554" elapsed="0.006326"/>
</kw>
<var name="${element}">&lt;selenium.webdriver.remote.webelement.WebElement (session="642cb5626fdaf6b7bfe9bbec779629e5", element="f.AFCF56828FFB308FD63ADB4206468439.d.F2CB7A8F6D377FD004095A154F9EF66E.e.68")&gt;</var>
<status status="PASS" start="2025-03-09T14:26:45.354164" elapsed="0.015797"/>
</iter>
<iter>
<kw name="Log" owner="BuiltIn">
<msg time="2025-03-09T14:26:45.376801" level="INFO">Nokia Edge</msg>
<arg>${element.text}</arg>
<doc>Logs the given message with the given level.</doc>
<status status="PASS" start="2025-03-09T14:26:45.370225" elapsed="0.006667"/>
</kw>
<kw name="Append To List" owner="Collections">
<arg>${actuallist}</arg>
<arg>${element.text}</arg>
<doc>Adds ``values`` to the end of ``list``.</doc>
<status status="PASS" start="2025-03-09T14:26:45.377136" elapsed="0.006855"/>
</kw>
<var name="${element}">&lt;selenium.webdriver.remote.webelement.WebElement (session="642cb5626fdaf6b7bfe9bbec779629e5", element="f.AFCF56828FFB308FD63ADB4206468439.d.F2CB7A8F6D377FD004095A154F9EF66E.e.69")&gt;</var>
<status status="PASS" start="2025-03-09T14:26:45.370119" elapsed="0.013982"/>
</iter>
<iter>
<kw name="Log" owner="BuiltIn">
<msg time="2025-03-09T14:26:45.390560" level="INFO">Blackberry</msg>
<arg>${element.text}</arg>
<doc>Logs the given message with the given level.</doc>
<status status="PASS" start="2025-03-09T14:26:45.384441" elapsed="0.006221"/>
</kw>
<kw name="Append To List" owner="Collections">
<arg>${actuallist}</arg>
<arg>${element.text}</arg>
<doc>Adds ``values`` to the end of ``list``.</doc>
<status status="PASS" start="2025-03-09T14:26:45.390866" elapsed="0.006951"/>
</kw>
<var name="${element}">&lt;selenium.webdriver.remote.webelement.WebElement (session="642cb5626fdaf6b7bfe9bbec779629e5", element="f.AFCF56828FFB308FD63ADB4206468439.d.F2CB7A8F6D377FD004095A154F9EF66E.e.70")&gt;</var>
<status status="PASS" start="2025-03-09T14:26:45.384283" elapsed="0.013645"/>
</iter>
<var>${element}</var>
<value>@{LIST}</value>
<status status="PASS" start="2025-03-09T14:26:45.321797" elapsed="0.076209"/>
</for>
<kw name="Lists Should Be Equal" owner="Collections">
<arg>${actuallist}</arg>
<arg>${listelements}</arg>
<doc>Fails if given lists are unequal.</doc>
<status status="PASS" start="2025-03-09T14:26:45.398223" elapsed="0.000287"/>
</kw>
<status status="PASS" start="2025-03-09T14:26:45.311025" elapsed="0.087583"/>
</kw>
<kw name="Close Browser" owner="SeleniumLibrary" type="TEARDOWN">
<doc>Closes the current browser.</doc>
<status status="PASS" start="2025-03-09T14:26:45.399195" elapsed="2.226822"/>
</kw>
<status status="PASS" start="2025-03-09T14:26:37.230289" elapsed="10.396404"/>
</test>
<doc>To validate the Login form</doc>
<status status="PASS" start="2025-03-09T14:26:36.856632" elapsed="10.772732"/>
</suite>
<statistics>
<total>
<stat pass="1" fail="0" skip="0">All Tests</stat>
</total>
<tag>
</tag>
<suite>
<stat name="Function" id="s1" pass="1" fail="0" skip="0">Function</stat>
</suite>
</statistics>
<errors>
</errors>
</robot>
