<?xml version="1.0" encoding="UTF-8"?>
<robot generator="Robot 7.2.2 (Python 3.13.2 on win32)" generated="2025-03-09T12:30:04.697123" rpa="false" schemaversion="5">
<suite id="s1" name="Function" source="F:\Test project\Selenium Functional\function.robot">
<test id="s1-t1" name="Validate Cards display in the shopping page" line="18">
<kw name="open the browser with the Mortagage payment url" owner="resource" type="SETUP">
<kw name="Create Webdriver" owner="SeleniumLibrary">
<msg time="2025-03-09T12:30:05.075228" level="INFO">Creating an instance of the Chrome WebDriver.</msg>
<arg>Chrome</arg>
<doc>Creates an instance of Selenium WebDriver.</doc>
<status status="PASS" start="2025-03-09T12:30:05.074864" elapsed="1.458427"/>
</kw>
<kw name="Go To" owner="SeleniumLibrary">
<msg time="2025-03-09T12:30:06.533706" level="INFO">Opening url 'https://rahulshettyacademy.com/loginpagePractise/'</msg>
<arg>${Url}</arg>
<doc>Navigates the current browser window to the provided ``url``.</doc>
<status status="PASS" start="2025-03-09T12:30:06.533535" elapsed="1.018035"/>
</kw>
<kw name="Maximize Browser Window" owner="SeleniumLibrary">
<doc>Maximizes current browser window.</doc>
<status status="PASS" start="2025-03-09T12:30:07.551913" elapsed="0.032339"/>
</kw>
<status status="PASS" start="2025-03-09T12:30:05.074293" elapsed="2.510125"/>
</kw>
<kw name="Fill the Loging form">
<kw name="Input Text" owner="SeleniumLibrary">
<msg time="2025-03-09T12:30:07.585969" level="INFO">Typing text 'rahulshettyacademy' into text field 'id:username'.</msg>
<arg>id:username</arg>
<arg>${userId}</arg>
<doc>Types the given ``text`` into the text field identified by ``locator``.</doc>
<status status="PASS" start="2025-03-09T12:30:07.585460" elapsed="0.163645"/>
</kw>
<kw name="Input Password" owner="SeleniumLibrary">
<msg time="2025-03-09T12:30:07.749706" level="INFO">Typing password into text field 'id:password'.</msg>
<msg time="2025-03-09T12:30:07.782708" level="INFO">Temporally setting log level to: NONE</msg>
<arg>id:password</arg>
<arg>${password}</arg>
<doc>Types the given password into the text field identified by ``locator``.</doc>
<status status="PASS" start="2025-03-09T12:30:07.749371" elapsed="0.079284"/>
</kw>
<kw name="Click Button" owner="SeleniumLibrary">
<msg time="2025-03-09T12:30:07.829008" level="INFO">Clicking button 'signInBtn'.</msg>
<arg>signInBtn</arg>
<doc>Clicks the button identified by ``locator``.</doc>
<status status="PASS" start="2025-03-09T12:30:07.828844" elapsed="0.075566"/>
</kw>
<arg>${User_Valid_id}</arg>
<arg>${User_valid_pass}</arg>
<status status="PASS" start="2025-03-09T12:30:07.584919" elapsed="0.319689"/>
</kw>
<kw name="wait until Element is located in the page">
<kw name="Wait Until Element Is Visible" owner="SeleniumLibrary">
<arg>${element}</arg>
<doc>Waits until the element ``locator`` is visible.</doc>
<status status="PASS" start="2025-03-09T12:30:07.905439" elapsed="3.596544"/>
</kw>
<arg>${Page}</arg>
<status status="PASS" start="2025-03-09T12:30:07.905052" elapsed="3.597165"/>
</kw>
<kw name="Verify card title in the shop page">
<kw name="Create List" owner="BuiltIn">
<msg time="2025-03-09T12:30:11.503927" level="INFO">@{listelements} = [ iphone X | Samsung Note 8 | Nokia Edge | Blackberry ]</msg>
<var>@{listelements}</var>
<arg>iphone X</arg>
<arg>Samsung Note 8</arg>
<arg>Nokia Edge</arg>
<arg>Blackberry</arg>
<doc>Returns a list containing given items.</doc>
<status status="PASS" start="2025-03-09T12:30:11.503661" elapsed="0.000317"/>
</kw>
<kw name="Get WebElements" owner="SeleniumLibrary">
<msg time="2025-03-09T12:30:11.516320" level="INFO">@{LIST} = [ &lt;selenium.webdriver.remote.webelement.WebElement (session="de4dd9e29375694a8cd5f1039a33f477", element="f.2DC3270DD2CC1A16F6E3561408FA97D1.d.0FFED10D6B5921D73DEF37F68F5AA40B.e.65")&gt; | &lt;selenium.webdr...</msg>
<var>@{LIST}</var>
<arg>css:.card-title</arg>
<doc>Returns a list of WebElement objects matching the ``locator``.</doc>
<status status="PASS" start="2025-03-09T12:30:11.504133" elapsed="0.012298"/>
</kw>
<for flavor="IN">
<iter>
<kw name="Log" owner="BuiltIn">
<msg time="2025-03-09T12:30:11.534608" level="INFO">iphone X</msg>
<arg>${element.text}</arg>
<doc>Logs the given message with the given level.</doc>
<status status="PASS" start="2025-03-09T12:30:11.517229" elapsed="0.017460"/>
</kw>
<var name="${element}">&lt;selenium.webdriver.remote.webelement.WebElement (session="de4dd9e29375694a8cd5f1039a33f477", element="f.2DC3270DD2CC1A16F6E3561408FA97D1.d.0FFED10D6B5921D73DEF37F68F5AA40B.e.65")&gt;</var>
<status status="PASS" start="2025-03-09T12:30:11.516998" elapsed="0.017782"/>
</iter>
<iter>
<kw name="Log" owner="BuiltIn">
<msg time="2025-03-09T12:30:11.543876" level="INFO">Samsung Note 8</msg>
<arg>${element.text}</arg>
<doc>Logs the given message with the given level.</doc>
<status status="PASS" start="2025-03-09T12:30:11.535263" elapsed="0.008688"/>
</kw>
<var name="${element}">&lt;selenium.webdriver.remote.webelement.WebElement (session="de4dd9e29375694a8cd5f1039a33f477", element="f.2DC3270DD2CC1A16F6E3561408FA97D1.d.0FFED10D6B5921D73DEF37F68F5AA40B.e.66")&gt;</var>
<status status="PASS" start="2025-03-09T12:30:11.535013" elapsed="0.009019"/>
</iter>
<iter>
<kw name="Log" owner="BuiltIn">
<msg time="2025-03-09T12:30:11.552780" level="INFO">Nokia Edge</msg>
<arg>${element.text}</arg>
<doc>Logs the given message with the given level.</doc>
<status status="PASS" start="2025-03-09T12:30:11.544373" elapsed="0.008479"/>
</kw>
<var name="${element}">&lt;selenium.webdriver.remote.webelement.WebElement (session="de4dd9e29375694a8cd5f1039a33f477", element="f.2DC3270DD2CC1A16F6E3561408FA97D1.d.0FFED10D6B5921D73DEF37F68F5AA40B.e.67")&gt;</var>
<status status="PASS" start="2025-03-09T12:30:11.544226" elapsed="0.008710"/>
</iter>
<iter>
<kw name="Log" owner="BuiltIn">
<msg time="2025-03-09T12:30:11.559805" level="INFO">Blackberry</msg>
<arg>${element.text}</arg>
<doc>Logs the given message with the given level.</doc>
<status status="PASS" start="2025-03-09T12:30:11.553223" elapsed="0.006671"/>
</kw>
<var name="${element}">&lt;selenium.webdriver.remote.webelement.WebElement (session="de4dd9e29375694a8cd5f1039a33f477", element="f.2DC3270DD2CC1A16F6E3561408FA97D1.d.0FFED10D6B5921D73DEF37F68F5AA40B.e.68")&gt;</var>
<status status="PASS" start="2025-03-09T12:30:11.553083" elapsed="0.006910"/>
</iter>
<var>${element}</var>
<value>@{LIST}</value>
<status status="PASS" start="2025-03-09T12:30:11.516610" elapsed="0.043456"/>
</for>
<status status="PASS" start="2025-03-09T12:30:11.502856" elapsed="0.057331"/>
</kw>
<kw name="Close Browser" owner="SeleniumLibrary" type="TEARDOWN">
<doc>Closes the current browser.</doc>
<status status="PASS" start="2025-03-09T12:30:11.560637" elapsed="2.192097"/>
</kw>
<status status="PASS" start="2025-03-09T12:30:05.073598" elapsed="8.679449"/>
</test>
<doc>To validate the Login form</doc>
<status status="PASS" start="2025-03-09T12:30:04.698605" elapsed="9.055750"/>
</suite>
<statistics>
<total>
<stat pass="1" fail="0" skip="0">All Tests</stat>
</total>
<tag>
</tag>
<suite>
<stat name="Function" id="s1" pass="1" fail="0" skip="0">Function</stat>
</suite>
</statistics>
<errors>
</errors>
</robot>
